TN:
SF:postcss.config.js
FN:1,(empty-report)
FNF:1
FNH:0
FNDA:0,(empty-report)
DA:1,0
DA:2,0
DA:3,0
DA:4,0
DA:5,0
DA:6,0
LF:6
LH:0
BRDA:1,0,0,0
BRF:1
BRH:0
end_of_record
TN:
SF:tailwind.config.js
FN:1,(empty-report)
FNF:1
FNH:0
FNDA:0,(empty-report)
DA:1,0
DA:2,0
DA:3,0
DA:4,0
DA:5,0
DA:6,0
LF:6
LH:0
BRDA:1,0,0,0
BRF:1
BRH:0
end_of_record
TN:
SF:src/App.tsx
FN:1,(empty-report)
FNF:1
FNH:0
FNDA:0,(empty-report)
DA:1,0
DA:2,0
DA:3,0
DA:4,0
DA:5,0
DA:6,0
DA:7,0
DA:8,0
DA:9,0
DA:10,0
DA:11,0
DA:12,0
DA:13,0
DA:14,0
DA:15,0
DA:16,0
DA:17,0
DA:18,0
DA:19,0
DA:20,0
DA:21,0
DA:22,0
LF:22
LH:0
BRDA:1,0,0,0
BRF:1
BRH:0
end_of_record
TN:
SF:src/components/AuthPage.tsx
FN:6,AuthPage
FN:15,submit
FN:46,onClick
FN:60,onChange
FN:68,onChange
FNF:5
FNH:5
FNDA:24,AuthPage
FNDA:4,submit
FNDA:2,onClick
FNDA:4,onChange
FNDA:4,onChange
DA:1,1
DA:2,1
DA:3,1
DA:4,1
DA:5,1
DA:6,24
DA:7,24
DA:8,24
DA:9,24
DA:10,24
DA:11,24
DA:12,24
DA:13,24
DA:14,24
DA:15,24
DA:16,4
DA:17,4
DA:18,4
DA:19,4
DA:20,4
DA:21,1
DA:22,1
DA:23,1
DA:24,1
DA:25,1
DA:26,3
DA:27,1
DA:28,1
DA:29,4
DA:30,2
DA:31,4
DA:32,4
DA:33,4
DA:34,4
DA:35,24
DA:36,24
DA:37,24
DA:38,24
DA:39,24
DA:40,24
DA:41,24
DA:42,24
DA:43,24
DA:44,48
DA:45,48
DA:46,48
DA:47,48
DA:48,48
DA:49,48
DA:50,48
DA:51,48
DA:52,48
DA:53,24
DA:54,24
DA:55,24
DA:56,24
DA:57,24
DA:58,24
DA:59,24
DA:60,24
DA:61,24
DA:62,24
DA:63,24
DA:64,24
DA:65,24
DA:66,24
DA:67,24
DA:68,24
DA:69,24
DA:70,24
DA:71,24
DA:72,3
DA:73,3
DA:74,3
DA:75,24
DA:76,24
DA:77,24
DA:78,24
DA:79,24
DA:80,24
DA:81,24
DA:82,24
DA:83,24
DA:84,24
DA:85,24
DA:86,24
DA:87,24
LF:87
LH:87
BRDA:6,0,0,24
BRDA:71,1,0,3
BRDA:72,2,0,1
BRDA:72,3,0,2
BRDA:81,4,0,4
BRDA:81,5,0,20
BRDA:81,6,0,16
BRDA:81,7,0,4
BRDA:12,8,0,25
BRDA:15,9,0,4
BRDA:20,10,0,1
BRDA:25,11,0,3
BRDA:26,12,0,1
BRDA:29,13,0,2
BRDA:30,14,0,1
BRDA:30,15,0,1
BRDA:31,16,0,3
BRDA:43,17,0,48
BRDA:48,18,0,24
BRDA:48,19,0,24
BRDA:46,20,0,2
BRDA:60,21,0,4
BRDA:68,22,0,4
BRF:23
BRH:23
end_of_record
TN:
SF:src/components/ChatPanel.tsx
FN:19,ChatPanel
FN:34,sendMessage
FN:127,onClick
FN:143,onChange
FNF:4
FNH:4
FNDA:48,ChatPanel
FNDA:4,sendMessage
FNDA:1,onClick
FNDA:5,onChange
DA:1,1
DA:2,1
DA:3,1
DA:4,1
DA:5,1
DA:6,1
DA:7,1
DA:8,1
DA:9,1
DA:10,1
DA:11,1
DA:12,1
DA:13,1
DA:14,1
DA:15,1
DA:16,1
DA:17,1
DA:18,1
DA:19,48
DA:20,48
DA:21,48
DA:22,48
DA:23,48
DA:24,48
DA:25,48
DA:26,48
DA:27,14
DA:28,48
DA:29,48
DA:30,48
DA:31,39
DA:32,48
DA:33,48
DA:34,48
DA:35,4
DA:36,4
DA:37,4
DA:38,4
DA:39,4
DA:40,4
DA:41,4
DA:42,4
DA:43,4
DA:44,4
DA:45,4
DA:46,4
DA:47,4
DA:48,4
DA:49,4
DA:50,4
DA:51,4
DA:52,4
DA:53,4
DA:54,4
DA:55,4
DA:56,3
DA:57,3
DA:58,3
DA:59,3
DA:60,3
DA:61,3
DA:62,3
DA:63,3
DA:64,4
DA:65,10
DA:66,10
DA:67,7
DA:68,10
DA:69,21
DA:70,7
DA:71,21
DA:72,4
DA:73,4
DA:74,4
DA:75,4
DA:76,4
DA:77,4
DA:78,4
DA:79,21
DA:80,3
DA:81,3
DA:82,3
DA:83,21
DA:84,7
DA:85,3
DA:86,3
DA:87,3
DA:88,3
DA:89,3
DA:90,3
DA:91,4
DA:92,1
DA:93,1
DA:94,1
DA:95,1
DA:96,1
DA:97,4
DA:98,4
DA:99,4
DA:100,4
DA:101,4
DA:102,48
DA:103,48
DA:104,48
DA:105,48
DA:106,48
DA:107,33
DA:108,33
DA:109,33
DA:110,48
DA:111,48
DA:112,30
DA:113,30
DA:114,30
DA:115,30
DA:116,15
DA:117,15
DA:118,30
DA:119,30
DA:120,30
DA:121,15
DA:122,15
DA:123,15
DA:124,30
DA:125,30
DA:126,2
DA:127,2
DA:128,2
DA:129,2
DA:130,2
DA:131,2
DA:132,2
DA:133,30
DA:134,30
DA:135,30
DA:136,48
DA:137,48
DA:138,48
DA:139,48
DA:140,48
DA:141,48
DA:142,48
DA:143,48
DA:144,48
DA:145,48
DA:146,48
DA:147,48
DA:148,48
DA:149,48
DA:150,48
DA:151,48
DA:152,48
DA:153,48
DA:154,48
DA:155,48
DA:156,48
DA:157,48
DA:158,48
LF:158
LH:158
BRDA:19,0,0,48
BRDA:106,1,0,33
BRDA:150,2,0,37
BRDA:26,3,0,14
BRDA:30,4,0,39
BRDA:34,5,0,4
BRDA:36,6,0,0
BRDA:52,7,0,0
BRDA:55,8,0,3
BRDA:64,9,0,10
BRDA:66,10,0,3
BRDA:66,11,0,7
BRDA:68,12,0,21
BRDA:69,13,0,14
BRDA:69,14,0,7
BRDA:71,15,0,4
BRDA:78,16,0,7
BRDA:79,17,0,3
BRDA:80,18,0,1
BRDA:81,19,0,2
BRDA:83,20,0,7
BRDA:84,21,0,3
BRDA:91,22,0,1
BRDA:40,23,0,4
BRDA:45,24,0,4
BRDA:73,25,0,4
BRDA:86,26,0,3
BRDA:92,27,0,1
BRDA:111,28,0,30
BRDA:112,29,0,15
BRDA:112,30,0,15
BRDA:115,31,0,15
BRDA:116,32,0,15
BRDA:120,33,0,15
BRDA:121,34,0,7
BRDA:121,35,0,15
BRDA:125,36,0,15
BRDA:125,37,0,2
BRDA:127,38,0,1
BRDA:143,39,0,5
BRF:40
BRH:38
end_of_record
TN:
SF:src/components/Dashboard.tsx
FN:10,Dashboard
FN:15,handleJumpTo
FNF:2
FNH:1
FNDA:9,Dashboard
FNDA:0,handleJumpTo
DA:1,1
DA:2,1
DA:3,1
DA:4,1
DA:5,1
DA:6,1
DA:7,1
DA:8,1
DA:9,1
DA:10,9
DA:11,9
DA:12,9
DA:13,9
DA:14,9
DA:15,9
DA:16,0
DA:17,0
DA:18,0
DA:19,9
DA:20,9
DA:21,9
DA:22,9
DA:23,9
DA:24,9
DA:25,9
DA:26,9
DA:27,9
DA:28,9
DA:29,9
DA:30,9
DA:31,9
DA:32,9
DA:33,9
DA:34,9
DA:35,9
DA:36,9
DA:37,9
DA:38,9
DA:39,9
DA:40,9
DA:41,9
DA:42,9
DA:43,9
DA:44,9
DA:45,9
DA:46,9
DA:47,9
DA:48,4
DA:49,4
DA:50,4
DA:51,4
DA:52,4
DA:53,4
DA:54,1
DA:55,4
DA:56,4
DA:57,4
DA:58,4
DA:59,4
DA:60,4
DA:61,4
DA:62,2
DA:63,2
DA:64,2
DA:65,2
DA:66,2
DA:67,2
DA:68,2
DA:69,2
DA:70,2
DA:71,4
DA:72,4
DA:73,4
DA:74,4
DA:75,4
DA:76,4
DA:77,4
DA:78,4
DA:79,4
DA:80,9
DA:81,9
DA:82,9
DA:83,9
DA:84,9
DA:85,9
LF:85
LH:82
BRDA:10,0,0,9
BRDA:47,1,0,4
BRDA:53,2,0,1
BRDA:61,3,0,3
BRDA:61,4,0,2
BRDA:72,5,0,4
BRDA:11,6,0,8
BRDA:12,7,0,16
BRF:8
BRH:8
end_of_record
TN:
SF:src/components/DocumentList.tsx
FN:15,DocumentList
FN:38,handleDelete
FN:56,onClick
FN:69,onClick
FNF:4
FNH:4
FNDA:32,DocumentList
FNDA:1,handleDelete
FNDA:3,onClick
FNDA:1,onClick
DA:1,1
DA:2,1
DA:3,1
DA:4,1
DA:5,1
DA:6,1
DA:7,1
DA:8,1
DA:9,1
DA:10,1
DA:11,1
DA:12,1
DA:13,1
DA:14,1
DA:15,32
DA:16,32
DA:17,32
DA:18,32
DA:19,32
DA:20,14
DA:21,32
DA:22,32
DA:23,32
DA:24,32
DA:25,27
DA:26,27
DA:27,6
DA:28,0
DA:29,0
DA:30,0
DA:31,0
DA:32,0
DA:33,0
DA:34,6
DA:35,6
DA:36,32
DA:37,32
DA:38,32
DA:39,1
DA:40,1
DA:41,1
DA:42,1
DA:43,32
DA:44,32
DA:45,21
DA:46,21
DA:47,10
DA:48,10
DA:49,10
DA:50,10
DA:51,29
DA:52,29
DA:53,29
DA:54,29
DA:55,29
DA:56,29
DA:57,29
DA:58,29
DA:59,29
DA:60,29
DA:61,29
DA:62,29
DA:63,29
DA:64,29
DA:65,29
DA:66,29
DA:67,29
DA:68,29
DA:69,29
DA:70,29
DA:71,29
DA:72,29
DA:73,29
DA:74,29
DA:75,29
DA:76,29
DA:77,10
DA:78,10
DA:79,10
DA:80,10
LF:80
LH:74
BRDA:15,0,0,32
BRDA:44,1,0,21
BRDA:46,2,0,10
BRDA:19,3,0,14
BRDA:20,4,0,14
BRDA:24,5,0,27
BRDA:26,6,0,21
BRDA:26,7,0,6
BRDA:25,8,0,17
BRDA:35,9,0,6
BRDA:38,10,0,1
BRDA:50,11,0,29
BRDA:51,12,0,0
BRDA:52,13,0,9
BRDA:58,14,0,3
BRDA:58,15,0,26
BRDA:59,16,0,20
BRDA:59,17,0,9
BRDA:56,18,0,3
BRDA:56,19,0,2
BRDA:56,20,0,1
BRDA:56,21,0,1
BRDA:69,22,0,1
BRF:23
BRH:22
end_of_record
TN:
SF:src/components/FileUpload.tsx
FN:13,FileUpload
FNF:1
FNH:1
FNDA:17,FileUpload
DA:1,1
DA:2,1
DA:3,1
DA:4,1
DA:5,1
DA:6,1
DA:7,1
DA:8,1
DA:9,1
DA:10,1
DA:11,1
DA:12,1
DA:13,17
DA:14,17
DA:15,17
DA:16,17
DA:17,17
DA:18,17
DA:19,2
DA:20,2
DA:21,2
DA:22,2
DA:23,2
DA:24,2
DA:25,2
DA:26,2
DA:27,2
DA:28,1
DA:29,1
DA:30,1
DA:31,1
DA:32,1
DA:33,2
DA:34,2
DA:35,17
DA:36,17
DA:37,17
DA:38,17
DA:39,17
DA:40,17
DA:41,17
DA:42,17
DA:43,17
DA:44,17
DA:45,17
DA:46,17
DA:47,17
DA:48,17
DA:49,17
DA:50,17
DA:51,17
DA:52,17
DA:53,17
DA:54,17
DA:55,17
DA:56,17
DA:57,17
DA:58,17
DA:59,17
DA:60,17
DA:61,17
DA:62,17
DA:63,17
DA:64,4
DA:65,17
DA:66,17
DA:67,17
DA:68,17
LF:68
LH:68
BRDA:13,0,0,17
BRDA:49,1,0,0
BRDA:50,2,0,2
BRDA:50,3,0,15
BRDA:55,4,0,0
BRDA:63,5,0,4
BRDA:16,6,0,26
BRDA:18,7,0,2
BRDA:19,8,0,0
BRDA:27,9,0,1
BRDA:31,10,0,0
BRF:11
BRH:7
end_of_record
TN:
SF:src/components/MediaPlayer.tsx
FN:12,MediaPlayer
FN:26,togglePlay
FN:36,jumpToSegment
FN:43,formatTime
FN:56,onTimeUpdate
FN:57,onPlay
FN:58,onPause
FN:72,onTimeUpdate
FN:73,onPlay
FN:74,onPause
FN:86,onClick
FNF:11
FNH:2
FNDA:13,MediaPlayer
FNDA:0,togglePlay
FNDA:0,jumpToSegment
FNDA:20,formatTime
FNDA:0,onTimeUpdate
FNDA:0,onPlay
FNDA:0,onPause
FNDA:0,onTimeUpdate
FNDA:0,onPlay
FNDA:0,onPause
FNDA:0,onClick
DA:1,1
DA:2,1
DA:3,1
DA:4,1
DA:5,1
DA:6,1
DA:7,1
DA:8,1
DA:9,1
DA:10,1
DA:11,1
DA:12,13
DA:13,13
DA:14,13
DA:15,13
DA:16,13
DA:17,13
DA:18,13
DA:19,12
DA:20,1
DA:21,1
DA:22,1
DA:23,1
DA:24,13
DA:25,13
DA:26,13
DA:27,0
DA:28,0
DA:29,0
DA:30,0
DA:31,0
DA:32,0
DA:33,0
DA:34,0
DA:35,13
DA:36,13
DA:37,0
DA:38,0
DA:39,0
DA:40,0
DA:41,0
DA:42,13
DA:43,13
DA:44,20
DA:45,20
DA:46,20
DA:47,20
DA:48,13
DA:49,13
DA:50,13
DA:51,13
DA:52,2
DA:53,2
DA:54,2
DA:55,2
DA:56,2
DA:57,2
DA:58,2
DA:59,2
DA:60,2
DA:61,11
DA:62,11
DA:63,11
DA:64,11
DA:65,11
DA:66,11
DA:67,11
DA:68,11
DA:69,11
DA:70,11
DA:71,11
DA:72,11
DA:73,11
DA:74,11
DA:75,11
DA:76,11
DA:77,11
DA:78,13
DA:79,13
DA:80,13
DA:81,3
DA:82,3
DA:83,3
DA:84,9
DA:85,9
DA:86,9
DA:87,9
DA:88,9
DA:89,3
DA:90,6
DA:91,9
DA:92,9
DA:93,9
DA:94,9
DA:95,9
DA:96,3
DA:97,3
DA:98,13
DA:99,13
DA:100,13
DA:101,13
LF:101
LH:88
BRDA:12,0,0,13
BRDA:51,1,0,2
BRDA:60,2,0,11
BRDA:67,3,0,1
BRDA:67,4,0,10
BRDA:80,5,0,4
BRDA:80,6,0,3
BRDA:18,7,0,12
BRDA:19,8,0,1
BRDA:19,9,0,1
BRDA:43,10,0,20
BRDA:83,11,0,9
BRDA:88,12,0,3
BRDA:88,13,0,3
BRDA:89,14,0,6
BRF:15
BRH:15
end_of_record
TN:
SF:src/services/api.ts
FNF:0
FNH:0
DA:1,1
DA:2,1
DA:3,1
DA:4,1
DA:5,1
DA:6,1
DA:7,0
DA:8,0
DA:9,0
DA:10,0
DA:11,1
DA:12,1
DA:13,1
DA:14,1
DA:15,0
DA:16,0
DA:17,0
DA:18,1
DA:19,1
DA:20,1
LF:20
LH:13
BRF:0
BRH:0
end_of_record
TN:
SF:src/store/authStore.ts
FN:13,__vite_ssr_import_0__.create.__vite_ssr_import_1__.persist.name
FN:16,login
FN:17,logout
FNF:3
FNH:3
FNDA:5,__vite_ssr_import_0__.create.__vite_ssr_import_1__.persist.name
FNDA:3,login
FNDA:1,logout
DA:1,1
DA:2,1
DA:3,1
DA:4,1
DA:5,1
DA:6,1
DA:7,1
DA:8,1
DA:9,1
DA:10,1
DA:11,1
DA:12,1
DA:13,1
DA:14,5
DA:15,5
DA:16,5
DA:17,5
DA:18,5
DA:19,1
DA:20,1
DA:21,1
LF:21
LH:21
BRDA:13,0,0,5
BRDA:16,1,0,3
BRDA:17,2,0,1
BRF:3
BRH:3
end_of_record
TN:
SF:src/store/docStore.ts
FN:32,setDocuments
FN:33,addDocument
FN:34,updateDocument
FN:39,removeDocument
FN:44,selectDocument
FNF:5
FNH:5
FNDA:15,setDocuments
FNDA:6,addDocument
FNDA:2,updateDocument
FNDA:3,removeDocument
FNDA:5,selectDocument
DA:1,1
DA:2,1
DA:3,1
DA:4,1
DA:5,1
DA:6,1
DA:7,1
DA:8,1
DA:9,1
DA:10,1
DA:11,1
DA:12,1
DA:13,1
DA:14,1
DA:15,1
DA:16,1
DA:17,1
DA:18,1
DA:19,1
DA:20,1
DA:21,1
DA:22,1
DA:23,1
DA:24,1
DA:25,1
DA:26,1
DA:27,1
DA:28,1
DA:29,1
DA:30,4
DA:31,4
DA:32,4
DA:33,4
DA:34,4
DA:35,2
DA:36,2
DA:37,2
DA:38,2
DA:39,4
DA:40,3
DA:41,3
DA:42,3
DA:43,3
DA:44,4
DA:45,1
LF:45
LH:45
BRDA:29,0,0,4
BRDA:32,1,0,15
BRDA:33,2,0,6
BRDA:33,3,0,6
BRDA:34,4,0,2
BRDA:35,5,0,2
BRDA:37,6,0,1
BRDA:37,7,0,1
BRDA:37,8,0,1
BRDA:36,9,0,2
BRDA:36,10,0,0
BRDA:39,11,0,3
BRDA:40,12,0,3
BRDA:42,13,0,1
BRDA:42,14,0,1
BRDA:42,15,0,2
BRDA:41,16,0,5
BRDA:44,17,0,5
BRF:18
BRH:17
end_of_record
